running egg_info
creating ../build/motion_recognition/motion_recognition.egg-info
writing ../build/motion_recognition/motion_recognition.egg-info/PKG-INFO
writing dependency_links to ../build/motion_recognition/motion_recognition.egg-info/dependency_links.txt
writing entry points to ../build/motion_recognition/motion_recognition.egg-info/entry_points.txt
writing requirements to ../build/motion_recognition/motion_recognition.egg-info/requires.txt
writing top-level names to ../build/motion_recognition/motion_recognition.egg-info/top_level.txt
writing manifest file '../build/motion_recognition/motion_recognition.egg-info/SOURCES.txt'
reading manifest file '../build/motion_recognition/motion_recognition.egg-info/SOURCES.txt'
writing manifest file '../build/motion_recognition/motion_recognition.egg-info/SOURCES.txt'
running build
running build_py
creating /src/build/motion_recognition/build
creating /src/build/motion_recognition/build/lib
creating /src/build/motion_recognition/build/lib/motion_recognition
copying motion_recognition/__init__.py -> /src/build/motion_recognition/build/lib/motion_recognition
copying motion_recognition/motion_recognition.py -> /src/build/motion_recognition/build/lib/motion_recognition
running install
running install_lib
creating /src/install/motion_recognition/lib/python3.8/site-packages/motion_recognition
copying /src/build/motion_recognition/build/lib/motion_recognition/__init__.py -> /src/install/motion_recognition/lib/python3.8/site-packages/motion_recognition
copying /src/build/motion_recognition/build/lib/motion_recognition/motion_recognition.py -> /src/install/motion_recognition/lib/python3.8/site-packages/motion_recognition
byte-compiling /src/install/motion_recognition/lib/python3.8/site-packages/motion_recognition/__init__.py to __init__.cpython-38.pyc
byte-compiling /src/install/motion_recognition/lib/python3.8/site-packages/motion_recognition/motion_recognition.py to motion_recognition.cpython-38.pyc
running install_data
creating /src/install/motion_recognition/share/ament_index
creating /src/install/motion_recognition/share/ament_index/resource_index
creating /src/install/motion_recognition/share/ament_index/resource_index/packages
copying resource/motion_recognition -> /src/install/motion_recognition/share/ament_index/resource_index/packages
copying package.xml -> /src/install/motion_recognition/share/motion_recognition
creating /src/install/motion_recognition/share/motion_recognition/launch
copying launch/motion_recognition.launch.py -> /src/install/motion_recognition/share/motion_recognition/launch
running install_egg_info
Copying ../build/motion_recognition/motion_recognition.egg-info to /src/install/motion_recognition/lib/python3.8/site-packages/motion_recognition-0.0.0-py3.8.egg-info
running install_scripts
Installing motion_recognition script to /src/install/motion_recognition/lib/motion_recognition
writing list of installed files to '/src/build/motion_recognition/install.log'
