[0.415s] Invoking command in '/src/motion_recognition': PYTHONPATH=/src/install/motion_recognition/lib/python3.8/site-packages:${PYTHONPATH} /usr/bin/python3 setup.py egg_info --egg-base ../build/motion_recognition build --build-base /src/build/motion_recognition/build install --prefix /src/install/motion_recognition --record /src/build/motion_recognition/install.log --single-version-externally-managed
[0.549s] running egg_info
[0.549s] writing ../build/motion_recognition/motion_recognition.egg-info/PKG-INFO
[0.549s] writing dependency_links to ../build/motion_recognition/motion_recognition.egg-info/dependency_links.txt
[0.549s] writing entry points to ../build/motion_recognition/motion_recognition.egg-info/entry_points.txt
[0.549s] writing requirements to ../build/motion_recognition/motion_recognition.egg-info/requires.txt
[0.550s] writing top-level names to ../build/motion_recognition/motion_recognition.egg-info/top_level.txt
[0.574s] reading manifest file '../build/motion_recognition/motion_recognition.egg-info/SOURCES.txt'
[0.574s] writing manifest file '../build/motion_recognition/motion_recognition.egg-info/SOURCES.txt'
[0.574s] running build
[0.575s] running build_py
[0.575s] copying motion_recognition/motion_recognition.py -> /src/build/motion_recognition/build/lib/motion_recognition
[0.575s] running install
[0.575s] running install_lib
[0.575s] copying /src/build/motion_recognition/build/lib/motion_recognition/motion_recognition.py -> /src/install/motion_recognition/lib/python3.8/site-packages/motion_recognition
[0.576s] byte-compiling /src/install/motion_recognition/lib/python3.8/site-packages/motion_recognition/motion_recognition.py to motion_recognition.cpython-38.pyc
[0.577s] running install_data
[0.577s] running install_egg_info
[0.578s] removing '/src/install/motion_recognition/lib/python3.8/site-packages/motion_recognition-0.0.0-py3.8.egg-info' (and everything under it)
[0.578s] Copying ../build/motion_recognition/motion_recognition.egg-info to /src/install/motion_recognition/lib/python3.8/site-packages/motion_recognition-0.0.0-py3.8.egg-info
[0.579s] running install_scripts
[0.589s] Installing motion_recognition script to /src/install/motion_recognition/lib/motion_recognition
[0.589s] writing list of installed files to '/src/build/motion_recognition/install.log'
[0.603s] Invoked command in '/src/motion_recognition' returned '0': PYTHONPATH=/src/install/motion_recognition/lib/python3.8/site-packages:${PYTHONPATH} /usr/bin/python3 setup.py egg_info --egg-base ../build/motion_recognition build --build-base /src/build/motion_recognition/build install --prefix /src/install/motion_recognition --record /src/build/motion_recognition/install.log --single-version-externally-managed
