[0.401s] Invoking command in '/src/motion_recognition': PYTHONPATH=/src/install/motion_recognition/lib/python3.8/site-packages:${PYTHONPATH} /usr/bin/python3 setup.py egg_info --egg-base ../build/motion_recognition build --build-base /src/build/motion_recognition/build install --prefix /src/install/motion_recognition --record /src/build/motion_recognition/install.log --single-version-externally-managed
[0.537s] running egg_info
[0.537s] writing ../build/motion_recognition/motion_recognition.egg-info/PKG-INFO
[0.537s] writing dependency_links to ../build/motion_recognition/motion_recognition.egg-info/dependency_links.txt
[0.537s] writing entry points to ../build/motion_recognition/motion_recognition.egg-info/entry_points.txt
[0.537s] writing requirements to ../build/motion_recognition/motion_recognition.egg-info/requires.txt
[0.537s] writing top-level names to ../build/motion_recognition/motion_recognition.egg-info/top_level.txt
[0.562s] reading manifest file '../build/motion_recognition/motion_recognition.egg-info/SOURCES.txt'
[0.562s] writing manifest file '../build/motion_recognition/motion_recognition.egg-info/SOURCES.txt'
[0.562s] running build
[0.562s] running build_py
[0.562s] copying motion_recognition/motion_recognition.py -> /src/build/motion_recognition/build/lib/motion_recognition
[0.562s] running install
[0.563s] running install_lib
[0.563s] copying /src/build/motion_recognition/build/lib/motion_recognition/motion_recognition.py -> /src/install/motion_recognition/lib/python3.8/site-packages/motion_recognition
[0.564s] byte-compiling /src/install/motion_recognition/lib/python3.8/site-packages/motion_recognition/motion_recognition.py to motion_recognition.cpython-38.pyc
[0.565s] running install_data
[0.565s] running install_egg_info
[0.566s] removing '/src/install/motion_recognition/lib/python3.8/site-packages/motion_recognition-0.0.0-py3.8.egg-info' (and everything under it)
[0.566s] Copying ../build/motion_recognition/motion_recognition.egg-info to /src/install/motion_recognition/lib/python3.8/site-packages/motion_recognition-0.0.0-py3.8.egg-info
[0.567s] running install_scripts
[0.577s] Installing motion_recognition script to /src/install/motion_recognition/lib/motion_recognition
[0.578s] writing list of installed files to '/src/build/motion_recognition/install.log'
[0.591s] Invoked command in '/src/motion_recognition' returned '0': PYTHONPATH=/src/install/motion_recognition/lib/python3.8/site-packages:${PYTHONPATH} /usr/bin/python3 setup.py egg_info --egg-base ../build/motion_recognition build --build-base /src/build/motion_recognition/build install --prefix /src/install/motion_recognition --record /src/build/motion_recognition/install.log --single-version-externally-managed
