[0.000000] (-) TimerEvent: {}
[0.000314] (motion_recognition) JobQueued: {'identifier': 'motion_recognition', 'dependencies': OrderedDict()}
[0.000754] (motion_recognition) JobStarted: {'identifier': 'motion_recognition'}
[0.100023] (-) TimerEvent: {}
[0.200652] (-) TimerEvent: {}
[0.301011] (-) TimerEvent: {}
[0.401289] (-) TimerEvent: {}
[0.412630] (motion_recognition) Command: {'cmd': ['/usr/bin/python3', 'setup.py', 'egg_info', '--egg-base', '../build/motion_recognition', 'build', '--build-base', '/src/build/motion_recognition/build', 'install', '--prefix', '/src/install/motion_recognition', '--record', '/src/build/motion_recognition/install.log', '--single-version-externally-managed'], 'cwd': '/src/motion_recognition', 'env': {'HOSTNAME': '1a1296ca686f', 'SHLVL': '1', 'LD_LIBRARY_PATH': '/opt/ros/galactic/opt/yaml_cpp_vendor/lib:/opt/ros/galactic/opt/rviz_ogre_vendor/lib:/opt/ros/galactic/lib/x86_64-linux-gnu:/opt/ros/galactic/lib', 'HOME': '/root', 'OLDPWD': '/', 'ROS_PYTHON_VERSION': '3', 'ROS_DISTRO': 'galactic', '_': '/usr/bin/colcon', 'ROS_VERSION': '2', 'TERM': 'xterm', 'ROS_LOCALHOST_ONLY': '0', 'QT_X11_NO_MITSHM': '1', 'PATH': '/opt/ros/galactic/bin:/usr/local/sbin:/usr/local/bin:/usr/sbin:/usr/bin:/sbin:/bin', 'DISPLAY': ':1', 'LANG': 'C.UTF-8', 'AMENT_PREFIX_PATH': '/opt/ros/galactic', 'PWD': '/src/build/motion_recognition', 'LC_ALL': 'C.UTF-8', 'PYTHONPATH': '/src/install/motion_recognition/lib/python3.8/site-packages:/opt/ros/galactic/lib/python3.8/site-packages', 'COLCON': '1'}, 'shell': False}
[0.501398] (-) TimerEvent: {}
[0.549510] (motion_recognition) StdoutLine: {'line': b'running egg_info\n'}
[0.549812] (motion_recognition) StdoutLine: {'line': b'writing ../build/motion_recognition/motion_recognition.egg-info/PKG-INFO\n'}
[0.550044] (motion_recognition) StdoutLine: {'line': b'writing dependency_links to ../build/motion_recognition/motion_recognition.egg-info/dependency_links.txt\n'}
[0.550245] (motion_recognition) StdoutLine: {'line': b'writing entry points to ../build/motion_recognition/motion_recognition.egg-info/entry_points.txt\n'}
[0.550343] (motion_recognition) StdoutLine: {'line': b'writing requirements to ../build/motion_recognition/motion_recognition.egg-info/requires.txt\n'}
[0.550444] (motion_recognition) StdoutLine: {'line': b'writing top-level names to ../build/motion_recognition/motion_recognition.egg-info/top_level.txt\n'}
[0.574524] (motion_recognition) StdoutLine: {'line': b"reading manifest file '../build/motion_recognition/motion_recognition.egg-info/SOURCES.txt'\n"}
[0.575042] (motion_recognition) StdoutLine: {'line': b"writing manifest file '../build/motion_recognition/motion_recognition.egg-info/SOURCES.txt'\n"}
[0.575199] (motion_recognition) StdoutLine: {'line': b'running build\n'}
[0.575299] (motion_recognition) StdoutLine: {'line': b'running build_py\n'}
[0.575548] (motion_recognition) StdoutLine: {'line': b'copying motion_recognition/motion_recognition.py -> /src/build/motion_recognition/build/lib/motion_recognition\n'}
[0.575657] (motion_recognition) StdoutLine: {'line': b'running install\n'}
[0.575813] (motion_recognition) StdoutLine: {'line': b'running install_lib\n'}
[0.576332] (motion_recognition) StdoutLine: {'line': b'copying /src/build/motion_recognition/build/lib/motion_recognition/motion_recognition.py -> /src/install/motion_recognition/lib/python3.8/site-packages/motion_recognition\n'}
[0.576619] (motion_recognition) StdoutLine: {'line': b'byte-compiling /src/install/motion_recognition/lib/python3.8/site-packages/motion_recognition/motion_recognition.py to motion_recognition.cpython-38.pyc\n'}
[0.577658] (motion_recognition) StdoutLine: {'line': b'running install_data\n'}
[0.577953] (motion_recognition) StdoutLine: {'line': b'running install_egg_info\n'}
[0.578851] (motion_recognition) StdoutLine: {'line': b"removing '/src/install/motion_recognition/lib/python3.8/site-packages/motion_recognition-0.0.0-py3.8.egg-info' (and everything under it)\n"}
[0.579000] (motion_recognition) StdoutLine: {'line': b'Copying ../build/motion_recognition/motion_recognition.egg-info to /src/install/motion_recognition/lib/python3.8/site-packages/motion_recognition-0.0.0-py3.8.egg-info\n'}
[0.579456] (motion_recognition) StdoutLine: {'line': b'running install_scripts\n'}
[0.590079] (motion_recognition) StdoutLine: {'line': b'Installing motion_recognition script to /src/install/motion_recognition/lib/motion_recognition\n'}
[0.590291] (motion_recognition) StdoutLine: {'line': b"writing list of installed files to '/src/build/motion_recognition/install.log'\n"}
[0.601492] (-) TimerEvent: {}
[0.603444] (motion_recognition) CommandEnded: {'returncode': 0}
[0.614603] (motion_recognition) JobEnded: {'identifier': 'motion_recognition', 'rc': 0}
[0.615311] (-) EventReactorShutdown: {}
