[0.403s] Invoking command in '/src/motion_recognition': PYTHONPATH=/src/install/motion_recognition/lib/python3.8/site-packages:${PYTHONPATH} /usr/bin/python3 setup.py egg_info --egg-base ../build/motion_recognition build --build-base /src/build/motion_recognition/build install --prefix /src/install/motion_recognition --record /src/build/motion_recognition/install.log --single-version-externally-managed
[0.536s] running egg_info
[0.536s] writing ../build/motion_recognition/motion_recognition.egg-info/PKG-INFO
[0.536s] writing dependency_links to ../build/motion_recognition/motion_recognition.egg-info/dependency_links.txt
[0.536s] writing entry points to ../build/motion_recognition/motion_recognition.egg-info/entry_points.txt
[0.536s] writing requirements to ../build/motion_recognition/motion_recognition.egg-info/requires.txt
[0.536s] writing top-level names to ../build/motion_recognition/motion_recognition.egg-info/top_level.txt
[0.561s] reading manifest file '../build/motion_recognition/motion_recognition.egg-info/SOURCES.txt'
[0.562s] writing manifest file '../build/motion_recognition/motion_recognition.egg-info/SOURCES.txt'
[0.562s] running build
[0.562s] running build_py
[0.562s] running install
[0.563s] running install_lib
[0.563s] running install_data
[0.564s] running install_egg_info
[0.565s] removing '/src/install/motion_recognition/lib/python3.8/site-packages/motion_recognition-0.0.0-py3.8.egg-info' (and everything under it)
[0.565s] Copying ../build/motion_recognition/motion_recognition.egg-info to /src/install/motion_recognition/lib/python3.8/site-packages/motion_recognition-0.0.0-py3.8.egg-info
[0.565s] running install_scripts
[0.576s] Installing motion_recognition script to /src/install/motion_recognition/lib/motion_recognition
[0.577s] writing list of installed files to '/src/build/motion_recognition/install.log'
[0.589s] Invoked command in '/src/motion_recognition' returned '0': PYTHONPATH=/src/install/motion_recognition/lib/python3.8/site-packages:${PYTHONPATH} /usr/bin/python3 setup.py egg_info --egg-base ../build/motion_recognition build --build-base /src/build/motion_recognition/build install --prefix /src/install/motion_recognition --record /src/build/motion_recognition/install.log --single-version-externally-managed
